<?xml version="1.0" encoding="UTF-8"?>
<testng-results skipped="0" failed="0" ignored="0" total="1" passed="1">
  <reporter-output>
  </reporter-output>
  <suite name="Suite1" duration-ms="83440" started-at="2019-03-21T15:44:49Z" finished-at="2019-03-21T15:46:12Z">
    <groups>
    </groups>
    <test name="App" duration-ms="83440" started-at="2019-03-21T15:44:49Z" finished-at="2019-03-21T15:46:12Z">
      <class name="com.mycompany.app.App">
        <test-method status="PASS" signature="Open_Browser()[pri:0, instance:com.mycompany.app.App@380fb434]" name="Open_Browser" duration-ms="83406" started-at="2019-03-21T15:44:49Z" finished-at="2019-03-21T15:46:12Z">
          <reporter-output>
          </reporter-output>
        </test-method> <!-- Open_Browser -->
      </class> <!-- com.mycompany.app.App -->
    </test> <!-- App -->
  </suite> <!-- Suite1 -->
</testng-results>
